<?xml version="1.0" encoding="UTF-8"?>
<!-- Generated by org.testng.reporters.JUnitReportReporter -->
<testsuite skipped="0" hostname="ELF34-Afshan" name="Advance_Selenium.PrcaticeConfigerationChronologicalOrder" tests="1" failures="0" timestamp="10 Jun 2022 08:08:19 GMT" time="0.334" errors="0">
  <testcase name="test" time="0.334" classname="Advance_Selenium.PrcaticeConfigerationChronologicalOrder"/>
</testsuite> <!-- Advance_Selenium.PrcaticeConfigerationChronologicalOrder -->
