<?xml version="1.0" encoding="UTF-8"?>
<!-- Generated by org.testng.reporters.JUnitReportReporter -->
<testsuite skipped="0" hostname="ELF34-Afshan" name="PageObjectModel_Repository.Login_TC" tests="1" failures="0" timestamp="14 Jun 2022 03:45:49 GMT" time="10.092" errors="0">
  <testcase name="TC_01" time="10.092" classname="PageObjectModel_Repository.Login_TC"/>
</testsuite> <!-- PageObjectModel_Repository.Login_TC -->
