<?xml version="1.0" encoding="UTF-8"?>
<!-- Generated by org.testng.reporters.JUnitReportReporter -->
<testsuite skipped="0" hostname="ELF34-Afshan" name="Advance_Selenium.Testing_Practice" tests="2" failures="0" timestamp="10 Jun 2022 08:08:19 GMT" time="0.022" errors="0">
  <testcase name="Sample" time="0.011" classname="Advance_Selenium.Testing_Practice"/>
  <testcase name="Demo" time="0.011" classname="Advance_Selenium.Testing_Practice"/>
</testsuite> <!-- Advance_Selenium.Testing_Practice -->
