<?xml version="1.0" encoding="UTF-8"?>
<!-- Generated by org.testng.reporters.JUnitReportReporter -->
<testsuite skipped="0" hostname="ELF34-Afshan" name="Advance_Selenium.Working_invctn_threadpoolSize" tests="6" failures="0" timestamp="10 Jun 2022 08:08:19 GMT" time="526.029" errors="0">
  <testcase name="TestCase" time="140.528" classname="Advance_Selenium.Working_invctn_threadpoolSize"/>
  <testcase name="TestCase" time="110.512" classname="Advance_Selenium.Working_invctn_threadpoolSize"/>
  <testcase name="TestCase" time="25.708" classname="Advance_Selenium.Working_invctn_threadpoolSize"/>
  <testcase name="TestCase" time="105.001" classname="Advance_Selenium.Working_invctn_threadpoolSize"/>
  <testcase name="TestCase" time="111.822" classname="Advance_Selenium.Working_invctn_threadpoolSize"/>
  <testcase name="TestCase" time="32.458" classname="Advance_Selenium.Working_invctn_threadpoolSize"/>
</testsuite> <!-- Advance_Selenium.Working_invctn_threadpoolSize -->
