<?xml version="1.0" encoding="UTF-8"?>
<!-- Generated by org.testng.reporters.JUnitReportReporter -->
<testsuite skipped="0" hostname="ELF34-Afshan" name="PageObjectModel_Repository.LoginTC2" tests="3" failures="0" timestamp="14 Jun 2022 08:06:14 GMT" time="38.824" errors="0">
  <testcase name="TC_01" time="19.866" classname="PageObjectModel_Repository.LoginTC2"/>
  <testcase name="TC_01" time="10.454" classname="PageObjectModel_Repository.LoginTC2"/>
  <testcase name="TC_01" time="8.504" classname="PageObjectModel_Repository.LoginTC2"/>
</testsuite> <!-- PageObjectModel_Repository.LoginTC2 -->
