<?xml version="1.0" encoding="UTF-8"?>
<!-- Generated by org.testng.reporters.JUnitReportReporter -->
<testsuite skipped="0" hostname="ELF34-Afshan" name="Advance_Selenium.AssertTC" tests="1" failures="0" timestamp="11 Jun 2022 08:28:12 GMT" time="4.405" errors="0">
  <testcase name="TC" time="4.405" classname="Advance_Selenium.AssertTC"/>
</testsuite> <!-- Advance_Selenium.AssertTC -->
