<?xml version="1.0" encoding="UTF-8"?>
<!-- Generated by org.testng.reporters.JUnitReportReporter -->
<testsuite skipped="0" hostname="ELF34-Afshan" name="Advance_Selenium.HardAssertTC" tests="1" failures="0" timestamp="11 Jun 2022 09:14:31 GMT" time="4.872" errors="0">
  <testcase name="TC" time="4.872" classname="Advance_Selenium.HardAssertTC"/>
</testsuite> <!-- Advance_Selenium.HardAssertTC -->
