<?xml version="1.0" encoding="UTF-8"?>
<!-- Generated by org.testng.reporters.JUnitReportReporter -->
<testsuite skipped="0" hostname="ELF34-Afshan" name="Advance_Selenium.ChromeTc" tests="2" failures="0" timestamp="11 Jun 2022 07:25:37 GMT" time="4.707" errors="0">
  <testcase name="sample" time="0.016" classname="Advance_Selenium.ChromeTc"/>
  <testcase name="Tc" time="4.691" classname="Advance_Selenium.ChromeTc"/>
</testsuite> <!-- Advance_Selenium.ChromeTc -->
