<?xml version="1.0" encoding="UTF-8"?>
<!-- Generated by org.testng.reporters.JUnitReportReporter -->
<testsuite skipped="0" hostname="ELF34-Afshan" name="Advance_Selenium.DataProviderTest" tests="2" failures="0" timestamp="10 Jun 2022 08:08:19 GMT" time="0.146" errors="0">
  <testcase name="demo" time="0.079" classname="Advance_Selenium.DataProviderTest"/>
  <testcase name="demo" time="0.067" classname="Advance_Selenium.DataProviderTest"/>
</testsuite> <!-- Advance_Selenium.DataProviderTest -->
