<?xml version="1.0" encoding="UTF-8"?>
<!-- Generated by org.testng.reporters.JUnitReportReporter -->
<testsuite skipped="0" hostname="ELF34-Afshan" name="Advance_Selenium.CrossBrowser" tests="1" failures="0" timestamp="11 Jun 2022 07:35:38 GMT" time="2.519" errors="0">
  <testcase name="TC" time="2.519" classname="Advance_Selenium.CrossBrowser"/>
</testsuite> <!-- Advance_Selenium.CrossBrowser -->
