<?xml version="1.0" encoding="UTF-8"?>
<!-- Generated by org.testng.reporters.JUnitReportReporter -->
<testsuite skipped="1" hostname="ELF34-Afshan" name="Advance_Selenium.LoginDemoWithMultpleRead1" tests="1" failures="0" timestamp="10 Jun 2022 08:08:19 GMT" time="0.000" errors="0">
  <testcase name="demowebshop" time="0.000" classname="Advance_Selenium.LoginDemoWithMultpleRead1">
    <skipped/>
  </testcase> <!-- demowebshop -->
</testsuite> <!-- Advance_Selenium.LoginDemoWithMultpleRead1 -->
