<?xml version="1.0" encoding="UTF-8"?>
<!-- Generated by org.testng.reporters.JUnitReportReporter -->
<testsuite skipped="0" hostname="ELF34-Afshan" name="Advance_Selenium.Testing_Practice1" tests="2" failures="0" timestamp="10 Jun 2022 08:08:19 GMT" time="109.911" errors="0">
  <testcase name="LoginTestCase" time="109.910" classname="Advance_Selenium.Testing_Practice1"/>
  <testcase name="demo" time="0.001" classname="Advance_Selenium.Testing_Practice1"/>
</testsuite> <!-- Advance_Selenium.Testing_Practice1 -->
