<?xml version="1.0" encoding="UTF-8"?>
<!-- Generated by org.testng.reporters.JUnitReportReporter -->
<testsuite skipped="0" hostname="ELF34-Afshan" name="Advance_Selenium.PracticeOnXML_Include_Exclude" tests="4" failures="0" timestamp="10 Jun 2022 08:08:19 GMT" time="0.023" errors="0">
  <testcase name="subjects" time="0.009" classname="Advance_Selenium.PracticeOnXML_Include_Exclude"/>
  <testcase name="StudentName" time="0.005" classname="Advance_Selenium.PracticeOnXML_Include_Exclude"/>
  <testcase name="batch" time="0.005" classname="Advance_Selenium.PracticeOnXML_Include_Exclude"/>
  <testcase name="StudentID" time="0.004" classname="Advance_Selenium.PracticeOnXML_Include_Exclude"/>
</testsuite> <!-- Advance_Selenium.PracticeOnXML_Include_Exclude -->
