<?xml version="1.0" encoding="UTF-8"?>
<!-- Generated by org.testng.reporters.JUnitReportReporter -->
<testsuite skipped="0" hostname="ELF34-Afshan" name="Advance_Selenium.FirefoxTC" tests="1" failures="0" timestamp="11 Jun 2022 07:25:37 GMT" time="4.118" errors="0">
  <testcase name="Tc" time="4.118" classname="Advance_Selenium.FirefoxTC"/>
</testsuite> <!-- Advance_Selenium.FirefoxTC -->
