<?xml version="1.0" encoding="UTF-8"?>
<!-- Generated by org.testng.reporters.JUnitReportReporter -->
<testsuite skipped="0" hostname="ELF34-Afshan" name="Advance_Selenium.ReadAllvaluesOfSheeT1" tests="6" failures="0" timestamp="10 Jun 2022 08:08:19 GMT" time="0.096" errors="0">
  <testcase name="demo" time="0.006" classname="Advance_Selenium.ReadAllvaluesOfSheeT1"/>
  <testcase name="demo" time="0.004" classname="Advance_Selenium.ReadAllvaluesOfSheeT1"/>
  <testcase name="demo" time="0.054" classname="Advance_Selenium.ReadAllvaluesOfSheeT1"/>
  <testcase name="demo" time="0.008" classname="Advance_Selenium.ReadAllvaluesOfSheeT1"/>
  <testcase name="demo" time="0.018" classname="Advance_Selenium.ReadAllvaluesOfSheeT1"/>
  <testcase name="demo" time="0.006" classname="Advance_Selenium.ReadAllvaluesOfSheeT1"/>
</testsuite> <!-- Advance_Selenium.ReadAllvaluesOfSheeT1 -->
